Build started 5/20/2011 6:22:33 AM.
     1>Project "\\files\UndergradHome\agrandstaff\Desktop\C\ChallengeFromBeyondBRIANUPDATE\WorldScrollingGame\WorldScrollingGame\WorldScrollingGame.vcxproj" on node 2 (build target(s)).
     1>InitializeBuildStatus:
         Creating "Debug\WorldScrollingGame.unsuccessfulbuild" because "AlwaysCreate" was specified.
       ClCompile:
         C:\Program Files\Microsoft Visual Studio 10.0\VC\bin\CL.exe /c /I"C:\Program Files (x86)\Microsoft DirectX SDK (June 2010)\Lib\x86" /I"C:\Program Files (x86)\Microsoft DirectX SDK (June 2010)\Include" /I\\files\UndergradHome\agrandstaff\Desktop\C\ChallengeFromBeyondBRIANUPDATE\WorldScrollingGame\\WorldScrollingGame /I\\files\UndergradHome\agrandstaff\Desktop\C\ChallengeFromBeyondBRIANUPDATE\WorldScrollingGame\\WorldScrollingGame\WorldScrollingGame /I\\files\UndergradHome\agrandstaff\Desktop\C\ChallengeFromBeyondBRIANUPDATE\WorldScrollingGame\\WorldScrollingGame\GameEngine\ai /I\\files\UndergradHome\agrandstaff\Desktop\C\ChallengeFromBeyondBRIANUPDATE\WorldScrollingGame\\WorldScrollingGame\GameEngine\dataLoader /I\\files\UndergradHome\agrandstaff\Desktop\C\ChallengeFromBeyondBRIANUPDATE\WorldScrollingGame\\WorldScrollingGame\GameEngine\game /I\\files\UndergradHome\agrandstaff\Desktop\C\ChallengeFromBeyondBRIANUPDATE\WorldScrollingGame\\WorldScrollingGame\GameEngine\graphics /I\\files\UndergradHome\agrandstaff\Desktop\C\ChallengeFromBeyondBRIANUPDATE\WorldScrollingGame\\WorldScrollingGame\GameEngine\gui /I\\files\UndergradHome\agrandstaff\Desktop\C\ChallengeFromBeyondBRIANUPDATE\WorldScrollingGame\\WorldScrollingGame\GameEngine\input /I\\files\UndergradHome\agrandstaff\Desktop\C\ChallengeFromBeyondBRIANUPDATE\WorldScrollingGame\\WorldScrollingGame\GameEngine\os /I\\files\UndergradHome\agrandstaff\Desktop\C\ChallengeFromBeyondBRIANUPDATE\WorldScrollingGame\\WorldScrollingGame\GameEngine\physics /I\\files\UndergradHome\agrandstaff\Desktop\C\ChallengeFromBeyondBRIANUPDATE\WorldScrollingGame\\WorldScrollingGame\GameEngine\text /I\\files\UndergradHome\agrandstaff\Desktop\C\ChallengeFromBeyondBRIANUPDATE\WorldScrollingGame\\WorldScrollingGame\GameEngine\timer /I\\files\UndergradHome\agrandstaff\Desktop\C\ChallengeFromBeyondBRIANUPDATE\WorldScrollingGame\\WorldScrollingGame\GameEngine\world /I\\files\UndergradHome\agrandstaff\Desktop\C\ChallengeFromBeyondBRIANUPDATE\WorldScrollingGame\\WorldScrollingGame\GameEngine\TechnologyPlugins\DirectXPlugin /I\\files\UndergradHome\agrandstaff\Desktop\C\ChallengeFromBeyondBRIANUPDATE\WorldScrollingGame\\WorldScrollingGame\GameEngine\TechnologyPlugins\WindowsPlugin /AI"C:\Program Files (x86)\Microsoft DirectX SDK (June 2010)\Include" /AI"C:\Program Files (x86)\Microsoft DirectX SDK (June 2010)\Lib\x86" /ZI /nologo /W0 /WX- /Od /Oy- /D WIN32 /D _DEBUG /D _WINDOWS /D _UNICODE /D UNICODE /Gm /EHsc /RTC1 /MDd /GS /fp:precise /Zc:wchar_t /Zc:forScope /Fo"Debug\\" /Fd"Debug\vc100.pdb" /Gd /TP /analyze- /errorReport:prompt GameEngine\game\Game.cpp
         Game.cpp
       ResourceCompile:
         All outputs are up-to-date.
       ManifestResourceCompile:
         All outputs are up-to-date.
       Link:
         C:\Program Files\Microsoft Visual Studio 10.0\VC\bin\link.exe /ERRORREPORT:PROMPT /OUT:"\\files\UndergradHome\agrandstaff\Desktop\C\ChallengeFromBeyondBRIANUPDATE\WorldScrollingGame\Debug\WorldScrollingGame.exe" /INCREMENTAL /NOLOGO kernel32.lib user32.lib gdi32.lib winspool.lib comdlg32.lib advapi32.lib shell32.lib ole32.lib oleaut32.lib uuid.lib odbc32.lib odbccp32.lib /MANIFEST /ManifestFile:"Debug\WorldScrollingGame.exe.intermediate.manifest" /MANIFESTUAC:"level='asInvoker' uiAccess='false'" /DEBUG /PDB:"\\files\UndergradHome\agrandstaff\Desktop\C\ChallengeFromBeyondBRIANUPDATE\WorldScrollingGame\Debug\WorldScrollingGame.pdb" /SUBSYSTEM:WINDOWS /TLBID:1 /DYNAMICBASE /NXCOMPAT /IMPLIB:"\\files\UndergradHome\agrandstaff\Desktop\C\ChallengeFromBeyondBRIANUPDATE\WorldScrollingGame\Debug\WorldScrollingGame.lib" /MACHINE:X86 Debug\WorldScrollingGame.res
         Debug\WorldScrollingGame.exe.embed.manifest.res
         Debug\GameAI.obj
         Debug\GameAI.obj
         Debug\GamePhysics.obj
         Debug\Player.obj
         Debug\PlayerStatsGui.obj
         Debug\WorldScrollingGame.obj
         Debug\WRButtonEventHandler.obj
         Debug\WRKeyEventHandler.obj
         Debug\WRTextGenerator.obj
         Debug\GameDataLoader.obj
         Debug\TextFileReader.obj
         Debug\TextFileWriter.obj
         Debug\Game.obj
         Debug\StringTable.obj
         Debug\GameGraphics.obj
         Debug\RenderList.obj
         Debug\TextureManager.obj
         Debug\Button.obj
         Debug\Cursor.obj
         Debug\GameGUI.obj
         Debug\ScreenGUI.obj
         Debug\GameInput.obj
         Debug\DirectXGraphics.obj
         Debug\DirectXTextureManager.obj
         Debug\WindowsGameInput.obj
         Debug\WindowsGameOS.obj
         Debug\WindowsGameTimer.obj
         Debug\GameText.obj
         Debug\AnimatedSprite.obj
         Debug\AnimatedSpriteType.obj
         Debug\GameWorld.obj
         Debug\SparseLayer.obj
         Debug\SpriteManager.obj
         Debug\TiledLayer.obj
         Debug\Viewport.obj
         Debug\WorldLayer.obj
         Debug\stdafx.obj
         Debug\XactSound.obj d3d9.lib d3dx9.lib dinput8.lib dxguid.lib d3dx9d.lib winmm.lib 
       Manifest:
         C:\Program Files\Microsoft SDKs\Windows\v7.0A\bin\mt.exe /nologo /verbose /out:"Debug\WorldScrollingGame.exe.embed.manifest" /manifest Debug\WorldScrollingGame.exe.intermediate.manifest
         All outputs are up-to-date.
       LinkEmbedManifest:
         C:\Program Files\Microsoft Visual Studio 10.0\VC\bin\link.exe /ERRORREPORT:PROMPT /OUT:"\\files\UndergradHome\agrandstaff\Desktop\C\ChallengeFromBeyondBRIANUPDATE\WorldScrollingGame\Debug\WorldScrollingGame.exe" /INCREMENTAL /NOLOGO kernel32.lib user32.lib gdi32.lib winspool.lib comdlg32.lib advapi32.lib shell32.lib ole32.lib oleaut32.lib uuid.lib odbc32.lib odbccp32.lib /MANIFEST /ManifestFile:"Debug\WorldScrollingGame.exe.intermediate.manifest" /MANIFESTUAC:"level='asInvoker' uiAccess='false'" /DEBUG /PDB:"\\files\UndergradHome\agrandstaff\Desktop\C\ChallengeFromBeyondBRIANUPDATE\WorldScrollingGame\Debug\WorldScrollingGame.pdb" /SUBSYSTEM:WINDOWS /TLBID:1 /DYNAMICBASE /NXCOMPAT /IMPLIB:"\\files\UndergradHome\agrandstaff\Desktop\C\ChallengeFromBeyondBRIANUPDATE\WorldScrollingGame\Debug\WorldScrollingGame.lib" /MACHINE:X86 Debug\WorldScrollingGame.res
         Debug\WorldScrollingGame.exe.embed.manifest.res
         Debug\GameAI.obj
         Debug\GameAI.obj
         Debug\GamePhysics.obj
         Debug\Player.obj
         Debug\PlayerStatsGui.obj
         Debug\WorldScrollingGame.obj
         Debug\WRButtonEventHandler.obj
         Debug\WRKeyEventHandler.obj
         Debug\WRTextGenerator.obj
         Debug\GameDataLoader.obj
         Debug\TextFileReader.obj
         Debug\TextFileWriter.obj
         Debug\Game.obj
         Debug\StringTable.obj
         Debug\GameGraphics.obj
         Debug\RenderList.obj
         Debug\TextureManager.obj
         Debug\Button.obj
         Debug\Cursor.obj
         Debug\GameGUI.obj
         Debug\ScreenGUI.obj
         Debug\GameInput.obj
         Debug\DirectXGraphics.obj
         Debug\DirectXTextureManager.obj
         Debug\WindowsGameInput.obj
         Debug\WindowsGameOS.obj
         Debug\WindowsGameTimer.obj
         Debug\GameText.obj
         Debug\AnimatedSprite.obj
         Debug\AnimatedSpriteType.obj
         Debug\GameWorld.obj
         Debug\SparseLayer.obj
         Debug\SpriteManager.obj
         Debug\TiledLayer.obj
         Debug\Viewport.obj
         Debug\WorldLayer.obj
         Debug\stdafx.obj
         Debug\XactSound.obj d3d9.lib d3dx9.lib dinput8.lib dxguid.lib d3dx9d.lib winmm.lib 
         WorldScrollingGame.vcxproj -> \\files\UndergradHome\agrandstaff\Desktop\C\ChallengeFromBeyondBRIANUPDATE\WorldScrollingGame\Debug\WorldScrollingGame.exe
       FinalizeBuildStatus:
         Deleting file "Debug\WorldScrollingGame.unsuccessfulbuild".
         Touching "Debug\WorldScrollingGame.lastbuildstate".
     1>Done Building Project "\\files\UndergradHome\agrandstaff\Desktop\C\ChallengeFromBeyondBRIANUPDATE\WorldScrollingGame\WorldScrollingGame\WorldScrollingGame.vcxproj" (build target(s)).

Build succeeded.

Time Elapsed 00:00:23.86
